20:45:30: Creating resource group General
20:45:30: Creating resource group Internal
20:45:30: Creating resource group Autodetect
20:45:30: Registering ResourceManager for type Mesh
20:45:30: Registering ResourceManager for type Material
20:45:30: Registering ResourceManager for type Skeleton
20:45:30: XMLMeshSerializer reading mesh data from E:\Games\Steam\steamapps\common\Zero Gear\Assets\CustomItems\Hats\Beanie\hat004.mesh.xml...
20:45:30: Reading geometry...
20:45:30: Geometry done...
20:45:30: Reading submeshes...
20:45:30: Submeshes done.
20:45:30: Reading mesh names...
20:45:30: Mesh names done.
20:45:30: XMLMeshSerializer import successful.
20:45:30: Reorganising vertex buffers to automatic layout..
20:45:30: MeshSerializer writing mesh data to E:\Games\Steam\steamapps\common\Zero Gear\Assets\CustomItems\Hats\Beanie\hat004.mesh...
20:45:30: File header written.
20:45:30: Writing mesh data...
20:45:30: Writing submesh...
20:45:30: Exporting submesh texture aliases...
20:45:30: Submesh texture aliases exported.
20:45:30: Submesh exported.
20:45:30: Exporting bounds information....
20:45:30: Bounds information exported.
20:45:30: Exporting submesh name table...
20:45:30: Submesh name table exported.
20:45:30: Mesh data exported.
20:45:30: MeshSerializer export successful.
20:45:30: Unregistering ResourceManager for type Skeleton
20:45:30: Unregistering ResourceManager for type Material
20:45:30: Unregistering ResourceManager for type Mesh
