20:37:29: Creating resource group General
20:37:29: Creating resource group Internal
20:37:29: Creating resource group Autodetect
20:37:29: Registering ResourceManager for type Mesh
20:37:29: Registering ResourceManager for type Material
20:37:29: Registering ResourceManager for type Skeleton
20:37:29: XMLMeshSerializer reading mesh data from E:\Games\Steam\steamapps\common\Zero Gear\Assets\CustomItems\Characters\ChinchillaBigEars\chinchillabigears.mesh.xml...
20:37:29: Reading geometry...
20:37:30: Geometry done...
20:37:30: Reading submeshes...
20:37:30: Submeshes done.
20:37:30: Skeleton: Loading chinchillabigears.skeleton
20:37:30: OGRE EXCEPTION(6:FileNotFoundException): Cannot locate resource chinchillabigears.skeleton in resource group General or any other group. in ResourceGroupManager::openResource at ..\..\..\..\OgreMain\src\OgreResourceGroupManager.cpp (line 753)
20:37:30: Unable to load skeleton chinchillabigears.skeleton for Mesh conversion. This Mesh will not be animated. You can ignore this message if you are using an offline tool.
20:37:30: Reading bone assignments...
20:37:30: Bone assignments done.
20:37:30: Reading mesh names...
20:37:30: Mesh names done.
20:37:30: XMLMeshSerializer import successful.
20:37:30: Reorganising vertex buffers to automatic layout..
20:37:30: MeshSerializer writing mesh data to E:\Games\Steam\steamapps\common\Zero Gear\Assets\CustomItems\Characters\ChinchillaBigEars\chinchillabigears.mesh...
20:37:30: File header written.
20:37:30: Writing mesh data...
20:37:30: Writing submesh...
20:37:30: Exporting submesh texture aliases...
20:37:30: Submesh texture aliases exported.
20:37:30: Submesh exported.
20:37:30: Writing submesh...
20:37:30: Exporting submesh texture aliases...
20:37:30: Submesh texture aliases exported.
20:37:30: Submesh exported.
20:37:30: Exporting skeleton link...
20:37:30: Skeleton link exported.
20:37:30: Exporting shared geometry bone assignments...
20:37:30: Shared geometry bone assignments exported.
20:37:30: Exporting bounds information....
20:37:30: Bounds information exported.
20:37:30: Exporting submesh name table...
20:37:30: Submesh name table exported.
20:37:30: Mesh data exported.
20:37:30: MeshSerializer export successful.
20:37:30: Unregistering ResourceManager for type Skeleton
20:37:30: Unregistering ResourceManager for type Material
20:37:30: Unregistering ResourceManager for type Mesh
