20:46:55: Creating resource group General
20:46:55: Creating resource group Internal
20:46:55: Creating resource group Autodetect
20:46:55: Registering ResourceManager for type Mesh
20:46:55: Registering ResourceManager for type Material
20:46:55: Registering ResourceManager for type Skeleton
20:46:55: XMLMeshSerializer reading mesh data from E:\Games\Steam\steamapps\common\Zero Gear\Assets\CustomItems\Accessories\Steam Goggles\steamgoggles.mesh.xml...
20:46:55: Reading geometry...
20:46:56: Geometry done...
20:46:56: Reading submeshes...
20:46:56: Submeshes done.
20:46:56: Reading mesh names...
20:46:56: Mesh names done.
20:46:56: XMLMeshSerializer import successful.
20:46:56: Reorganising vertex buffers to automatic layout..
20:46:56: MeshSerializer writing mesh data to E:\Games\Steam\steamapps\common\Zero Gear\Assets\CustomItems\Accessories\Steam Goggles\steamgoggles.mesh...
20:46:56: File header written.
20:46:56: Writing mesh data...
20:46:56: Writing submesh...
20:46:56: Exporting submesh texture aliases...
20:46:56: Submesh texture aliases exported.
20:46:56: Submesh exported.
20:46:56: Exporting bounds information....
20:46:56: Bounds information exported.
20:46:56: Exporting submesh name table...
20:46:56: Submesh name table exported.
20:46:56: Mesh data exported.
20:46:56: MeshSerializer export successful.
20:46:56: Unregistering ResourceManager for type Skeleton
20:46:56: Unregistering ResourceManager for type Material
20:46:56: Unregistering ResourceManager for type Mesh
