20:38:30: Creating resource group General
20:38:30: Creating resource group Internal
20:38:30: Creating resource group Autodetect
20:38:30: Registering ResourceManager for type Mesh
20:38:30: Registering ResourceManager for type Material
20:38:30: Registering ResourceManager for type Skeleton
20:38:30: XMLMeshSerializer reading mesh data from E:\Games\Steam\steamapps\common\Zero Gear\Assets\CustomItems\Characters\ChinchillaTinyEars\chinchillatinyears.mesh.xml...
20:38:30: Reading geometry...
20:38:30: Geometry done...
20:38:30: Reading submeshes...
20:38:31: Submeshes done.
20:38:31: Skeleton: Loading chinchillatinyears.skeleton
20:38:31: OGRE EXCEPTION(6:FileNotFoundException): Cannot locate resource chinchillatinyears.skeleton in resource group General or any other group. in ResourceGroupManager::openResource at ..\..\..\..\OgreMain\src\OgreResourceGroupManager.cpp (line 753)
20:38:31: Unable to load skeleton chinchillatinyears.skeleton for Mesh conversion. This Mesh will not be animated. You can ignore this message if you are using an offline tool.
20:38:31: Reading bone assignments...
20:38:31: Bone assignments done.
20:38:31: Reading mesh names...
20:38:31: Mesh names done.
20:38:31: XMLMeshSerializer import successful.
20:38:31: Reorganising vertex buffers to automatic layout..
20:38:31: MeshSerializer writing mesh data to E:\Games\Steam\steamapps\common\Zero Gear\Assets\CustomItems\Characters\ChinchillaTinyEars\chinchillatinyears.mesh...
20:38:31: File header written.
20:38:31: Writing mesh data...
20:38:31: Writing submesh...
20:38:31: Exporting submesh texture aliases...
20:38:31: Submesh texture aliases exported.
20:38:31: Submesh exported.
20:38:31: Writing submesh...
20:38:31: Exporting submesh texture aliases...
20:38:31: Submesh texture aliases exported.
20:38:31: Submesh exported.
20:38:31: Exporting skeleton link...
20:38:31: Skeleton link exported.
20:38:31: Exporting shared geometry bone assignments...
20:38:31: Shared geometry bone assignments exported.
20:38:31: Exporting bounds information....
20:38:31: Bounds information exported.
20:38:31: Exporting submesh name table...
20:38:31: Submesh name table exported.
20:38:31: Mesh data exported.
20:38:31: MeshSerializer export successful.
20:38:31: Unregistering ResourceManager for type Skeleton
20:38:31: Unregistering ResourceManager for type Material
20:38:31: Unregistering ResourceManager for type Mesh
