23:38:12: Creating resource group General
23:38:12: Creating resource group Internal
23:38:12: Creating resource group Autodetect
23:38:12: Registering ResourceManager for type Mesh
23:38:12: Registering ResourceManager for type Material
23:38:12: Registering ResourceManager for type Skeleton
23:38:12: XMLSkeletonSerializer writing  skeleton data to E:\Games\Steam\steamapps\common\Zero Gear\Assets\CustomItems\Characters\Human Boy\rider001.skeleton.xml...
23:38:12: Populating DOM...
23:38:12: Exporting bones..
23:38:12: There are 21 bones.
23:38:12:    Exporting Bone number 0
23:38:12:    Exporting Bone number 1
23:38:12:    Exporting Bone number 2
23:38:12:    Exporting Bone number 3
23:38:12:    Exporting Bone number 4
23:38:12:    Exporting Bone number 5
23:38:12:    Exporting Bone number 6
23:38:12:    Exporting Bone number 7
23:38:12:    Exporting Bone number 8
23:38:12:    Exporting Bone number 9
23:38:12:    Exporting Bone number 10
23:38:12:    Exporting Bone number 11
23:38:12:    Exporting Bone number 12
23:38:12:    Exporting Bone number 13
23:38:12:    Exporting Bone number 14
23:38:12:    Exporting Bone number 15
23:38:12:    Exporting Bone number 16
23:38:12:    Exporting Bone number 17
23:38:12:    Exporting Bone number 18
23:38:12:    Exporting Bone number 19
23:38:12:    Exporting Bone number 20
23:38:12: Bones exported.
23:38:12: Exporting animations, count=7
23:38:12: Exporting animation: celebration
23:38:12: Animation exported.
23:38:12: Exporting animation: cry
23:38:12: Animation exported.
23:38:12: Exporting animation: lookback
23:38:12: Animation exported.
23:38:12: Exporting animation: turn_left
23:38:12: Animation exported.
23:38:12: Exporting animation: turn_right
23:38:12: Animation exported.
23:38:12: Exporting animation: wave
23:38:12: Animation exported.
23:38:12: Exporting animation: wipeout
23:38:12: Animation exported.
23:38:12: DOM populated, writing XML file..
23:38:12: XMLSkeletonSerializer export successful.
23:38:12: Unregistering ResourceManager for type Skeleton
23:38:12: Unregistering ResourceManager for type Material
23:38:12: Unregistering ResourceManager for type Mesh
