02:15:57: Creating resource group General
02:15:57: Creating resource group Internal
02:15:57: Creating resource group Autodetect
02:15:57: Registering ResourceManager for type Mesh
02:15:57: Registering ResourceManager for type Material
02:15:57: Registering ResourceManager for type Skeleton
02:15:57: XMLMeshSerializer reading mesh data from E:\Games\Steam\steamapps\common\Zero Gear\Assets\CustomItems\Wheels\Race Tire\wheel001.mesh.xml...
02:15:57: Reading geometry...
02:15:57: Geometry done...
02:15:57: Reading submeshes...
02:15:57: Submeshes done.
02:15:57: Reading mesh names...
02:15:57: Mesh names done.
02:15:57: XMLMeshSerializer import successful.
02:15:57: Reorganising vertex buffers to automatic layout..
02:15:57: MeshSerializer writing mesh data to E:\Games\Steam\steamapps\common\Zero Gear\Assets\CustomItems\Wheels\Race Tire\wheel001.mesh...
02:15:57: File header written.
02:15:57: Writing mesh data...
02:15:57: Writing submesh...
02:15:57: Exporting submesh texture aliases...
02:15:57: Submesh texture aliases exported.
02:15:57: Submesh exported.
02:15:57: Exporting bounds information....
02:15:57: Bounds information exported.
02:15:57: Exporting submesh name table...
02:15:57: Submesh name table exported.
02:15:57: Mesh data exported.
02:15:57: MeshSerializer export successful.
02:15:57: Unregistering ResourceManager for type Skeleton
02:15:57: Unregistering ResourceManager for type Material
02:15:57: Unregistering ResourceManager for type Mesh
