01:37:16: Creating resource group General
01:37:16: Creating resource group Internal
01:37:16: Creating resource group Autodetect
01:37:16: Registering ResourceManager for type Mesh
01:37:16: Registering ResourceManager for type Material
01:37:16: Registering ResourceManager for type Skeleton
01:37:16: XMLMeshSerializer reading mesh data from E:\Games\Steam\steamapps\common\Zero Gear\Assets\CustomItems\Hats\Devil Horns\devilhorns.mesh.xml...
01:37:16: Reading geometry...
01:37:16: Geometry done...
01:37:16: Reading submeshes...
01:37:16: Submeshes done.
01:37:16: Reading mesh names...
01:37:16: Mesh names done.
01:37:16: XMLMeshSerializer import successful.
01:37:16: Reorganising vertex buffers to automatic layout..
01:37:16: MeshSerializer writing mesh data to E:\Games\Steam\steamapps\common\Zero Gear\Assets\CustomItems\Hats\Devil Horns\devilhorns.mesh...
01:37:16: File header written.
01:37:16: Writing mesh data...
01:37:16: Writing submesh...
01:37:16: Exporting submesh texture aliases...
01:37:16: Submesh texture aliases exported.
01:37:16: Submesh exported.
01:37:16: Exporting bounds information....
01:37:16: Bounds information exported.
01:37:16: Exporting submesh name table...
01:37:16: Submesh name table exported.
01:37:16: Mesh data exported.
01:37:16: MeshSerializer export successful.
01:37:16: Unregistering ResourceManager for type Skeleton
01:37:16: Unregistering ResourceManager for type Material
01:37:16: Unregistering ResourceManager for type Mesh
