01:37:08: Creating resource group General
01:37:08: Creating resource group Internal
01:37:08: Creating resource group Autodetect
01:37:08: Registering ResourceManager for type Mesh
01:37:08: Registering ResourceManager for type Material
01:37:08: Registering ResourceManager for type Skeleton
01:37:08: XMLMeshSerializer reading mesh data from E:\Games\Steam\steamapps\common\Zero Gear\Assets\CustomItems\Hats\Halo\halo.mesh.xml...
01:37:08: Reading geometry...
01:37:08: Geometry done...
01:37:08: Reading submeshes...
01:37:08: Submeshes done.
01:37:08: Reading mesh names...
01:37:08: Mesh names done.
01:37:08: XMLMeshSerializer import successful.
01:37:08: Reorganising vertex buffers to automatic layout..
01:37:08: MeshSerializer writing mesh data to E:\Games\Steam\steamapps\common\Zero Gear\Assets\CustomItems\Hats\Halo\halo.mesh...
01:37:08: File header written.
01:37:08: Writing mesh data...
01:37:08: Writing submesh...
01:37:08: Exporting submesh texture aliases...
01:37:08: Submesh texture aliases exported.
01:37:08: Submesh exported.
01:37:08: Exporting bounds information....
01:37:08: Bounds information exported.
01:37:08: Exporting submesh name table...
01:37:08: Submesh name table exported.
01:37:09: Mesh data exported.
01:37:09: MeshSerializer export successful.
01:37:09: Unregistering ResourceManager for type Skeleton
01:37:09: Unregistering ResourceManager for type Material
01:37:09: Unregistering ResourceManager for type Mesh
