00:23:31: Creating resource group General
00:23:31: Creating resource group Internal
00:23:31: Creating resource group Autodetect
00:23:31: Registering ResourceManager for type Mesh
00:23:31: Registering ResourceManager for type Material
00:23:31: Registering ResourceManager for type Skeleton
00:23:31: XMLMeshSerializer reading mesh data from E:\Games\Steam\steamapps\common\Zero Gear\Assets\CustomItems\Hats\Baseball Cap\baseballcap.mesh.xml...
00:23:31: Reading geometry...
00:23:31: Geometry done...
00:23:31: Reading submeshes...
00:23:31: Submeshes done.
00:23:31: Reading mesh names...
00:23:31: Mesh names done.
00:23:31: XMLMeshSerializer import successful.
00:23:31: Reorganising vertex buffers to automatic layout..
00:23:31: MeshSerializer writing mesh data to E:\Games\Steam\steamapps\common\Zero Gear\Assets\CustomItems\Hats\Baseball Cap\baseballcap.mesh...
00:23:31: File header written.
00:23:31: Writing mesh data...
00:23:31: Writing submesh...
00:23:31: Exporting submesh texture aliases...
00:23:31: Submesh texture aliases exported.
00:23:31: Submesh exported.
00:23:31: Writing submesh...
00:23:31: Exporting submesh texture aliases...
00:23:31: Submesh texture aliases exported.
00:23:31: Submesh exported.
00:23:31: Exporting bounds information....
00:23:31: Bounds information exported.
00:23:31: Exporting submesh name table...
00:23:31: Submesh name table exported.
00:23:31: Mesh data exported.
00:23:31: MeshSerializer export successful.
00:23:31: Unregistering ResourceManager for type Skeleton
00:23:31: Unregistering ResourceManager for type Material
00:23:31: Unregistering ResourceManager for type Mesh
