20:21:50: Creating resource group General
20:21:50: Creating resource group Internal
20:21:50: Creating resource group Autodetect
20:21:50: Registering ResourceManager for type Mesh
20:21:50: Registering ResourceManager for type Material
20:21:50: Registering ResourceManager for type Skeleton
20:21:50: XMLMeshSerializer reading mesh data from E:\Games\Steam\steamapps\common\Zero Gear\Assets\CustomItems\Hats\Pigtails\pigtails.mesh.xml...
20:21:50: Reading geometry...
20:21:50: Geometry done...
20:21:50: Reading submeshes...
20:21:50: Submeshes done.
20:21:50: Reading mesh names...
20:21:50: Mesh names done.
20:21:50: XMLMeshSerializer import successful.
20:21:50: Reorganising vertex buffers to automatic layout..
20:21:50: MeshSerializer writing mesh data to E:\Games\Steam\steamapps\common\Zero Gear\Assets\CustomItems\Hats\Pigtails\pigtails.mesh...
20:21:50: File header written.
20:21:50: Writing mesh data...
20:21:50: Writing submesh...
20:21:50: Exporting submesh texture aliases...
20:21:50: Submesh texture aliases exported.
20:21:50: Submesh exported.
20:21:50: Writing submesh...
20:21:50: Exporting submesh texture aliases...
20:21:50: Submesh texture aliases exported.
20:21:50: Submesh exported.
20:21:50: Exporting bounds information....
20:21:50: Bounds information exported.
20:21:50: Exporting submesh name table...
20:21:50: Submesh name table exported.
20:21:50: Mesh data exported.
20:21:50: MeshSerializer export successful.
20:21:50: Unregistering ResourceManager for type Skeleton
20:21:50: Unregistering ResourceManager for type Material
20:21:50: Unregistering ResourceManager for type Mesh
