00:49:59: Creating resource group General
00:49:59: Creating resource group Internal
00:49:59: Creating resource group Autodetect
00:49:59: Registering ResourceManager for type Mesh
00:49:59: Registering ResourceManager for type Material
00:49:59: Registering ResourceManager for type Skeleton
00:49:59: XMLMeshSerializer reading mesh data from E:\Games\Steam\steamapps\common\Zero Gear\Assets\CustomItems\Accessories\Stogie\stogie.mesh.xml...
00:49:59: Reading geometry...
00:49:59: Geometry done...
00:49:59: Reading submeshes...
00:49:59: Submeshes done.
00:49:59: Reading mesh names...
00:49:59: Mesh names done.
00:49:59: XMLMeshSerializer import successful.
00:49:59: Reorganising vertex buffers to automatic layout..
00:49:59: MeshSerializer writing mesh data to E:\Games\Steam\steamapps\common\Zero Gear\Assets\CustomItems\Accessories\Stogie\stogie.mesh...
00:49:59: File header written.
00:49:59: Writing mesh data...
00:49:59: Writing submesh...
00:49:59: Exporting submesh texture aliases...
00:49:59: Submesh texture aliases exported.
00:49:59: Submesh exported.
00:49:59: Exporting bounds information....
00:49:59: Bounds information exported.
00:49:59: Exporting submesh name table...
00:49:59: Submesh name table exported.
00:49:59: Mesh data exported.
00:49:59: MeshSerializer export successful.
00:49:59: Unregistering ResourceManager for type Skeleton
00:49:59: Unregistering ResourceManager for type Material
00:49:59: Unregistering ResourceManager for type Mesh
