01:36:26: Creating resource group General
01:36:26: Creating resource group Internal
01:36:26: Creating resource group Autodetect
01:36:26: Registering ResourceManager for type Mesh
01:36:26: Registering ResourceManager for type Material
01:36:26: Registering ResourceManager for type Skeleton
01:36:26: XMLMeshSerializer reading mesh data from E:\Games\Steam\steamapps\common\Zero Gear\Assets\CustomItems\Hats\Road Cone\roadcone.mesh.xml...
01:36:26: Reading geometry...
01:36:26: Geometry done...
01:36:26: Reading submeshes...
01:36:26: Submeshes done.
01:36:26: Reading mesh names...
01:36:26: Mesh names done.
01:36:26: XMLMeshSerializer import successful.
01:36:26: Reorganising vertex buffers to automatic layout..
01:36:26: MeshSerializer writing mesh data to E:\Games\Steam\steamapps\common\Zero Gear\Assets\CustomItems\Hats\Road Cone\roadcone.mesh...
01:36:26: File header written.
01:36:26: Writing mesh data...
01:36:26: Writing submesh...
01:36:26: Exporting submesh texture aliases...
01:36:26: Submesh texture aliases exported.
01:36:26: Submesh exported.
01:36:26: Exporting bounds information....
01:36:26: Bounds information exported.
01:36:26: Exporting submesh name table...
01:36:26: Submesh name table exported.
01:36:26: Mesh data exported.
01:36:26: MeshSerializer export successful.
01:36:26: Unregistering ResourceManager for type Skeleton
01:36:26: Unregistering ResourceManager for type Material
01:36:26: Unregistering ResourceManager for type Mesh
