23:40:16: Creating resource group General
23:40:16: Creating resource group Internal
23:40:16: Creating resource group Autodetect
23:40:16: Registering ResourceManager for type Mesh
23:40:16: Registering ResourceManager for type Material
23:40:16: Registering ResourceManager for type Skeleton
23:40:16: XMLSkeletonSerializer writing  skeleton data to E:\Games\Steam\steamapps\common\Zero Gear\Assets\CustomItems\Characters\Skeleton\rider004.skeleton.xml...
23:40:16: Populating DOM...
23:40:16: Exporting bones..
23:40:16: There are 21 bones.
23:40:16:    Exporting Bone number 0
23:40:16:    Exporting Bone number 1
23:40:16:    Exporting Bone number 2
23:40:16:    Exporting Bone number 3
23:40:16:    Exporting Bone number 4
23:40:16:    Exporting Bone number 5
23:40:16:    Exporting Bone number 6
23:40:16:    Exporting Bone number 7
23:40:16:    Exporting Bone number 8
23:40:16:    Exporting Bone number 9
23:40:16:    Exporting Bone number 10
23:40:16:    Exporting Bone number 11
23:40:16:    Exporting Bone number 12
23:40:16:    Exporting Bone number 13
23:40:16:    Exporting Bone number 14
23:40:16:    Exporting Bone number 15
23:40:16:    Exporting Bone number 16
23:40:16:    Exporting Bone number 17
23:40:16:    Exporting Bone number 18
23:40:16:    Exporting Bone number 19
23:40:16:    Exporting Bone number 20
23:40:16: Bones exported.
23:40:16: Exporting animations, count=7
23:40:16: Exporting animation: celebration
23:40:16: Animation exported.
23:40:16: Exporting animation: cry
23:40:16: Animation exported.
23:40:16: Exporting animation: lookback
23:40:16: Animation exported.
23:40:16: Exporting animation: turn_left
23:40:16: Animation exported.
23:40:16: Exporting animation: turn_right
23:40:16: Animation exported.
23:40:16: Exporting animation: wave
23:40:16: Animation exported.
23:40:16: Exporting animation: wipeout
23:40:16: Animation exported.
23:40:16: DOM populated, writing XML file..
23:40:16: XMLSkeletonSerializer export successful.
23:40:16: Unregistering ResourceManager for type Skeleton
23:40:16: Unregistering ResourceManager for type Material
23:40:16: Unregistering ResourceManager for type Mesh
