20:46:20: Creating resource group General
20:46:20: Creating resource group Internal
20:46:20: Creating resource group Autodetect
20:46:20: Registering ResourceManager for type Mesh
20:46:20: Registering ResourceManager for type Material
20:46:20: Registering ResourceManager for type Skeleton
20:46:20: XMLMeshSerializer reading mesh data from E:\Games\Steam\steamapps\common\Zero Gear\Assets\CustomItems\Hats\Race Helmet\hat001.mesh.xml...
20:46:20: Reading geometry...
20:46:20: Geometry done...
20:46:20: Reading submeshes...
20:46:20: Submeshes done.
20:46:20: Reading mesh names...
20:46:20: Mesh names done.
20:46:20: XMLMeshSerializer import successful.
20:46:20: Reorganising vertex buffers to automatic layout..
20:46:20: MeshSerializer writing mesh data to E:\Games\Steam\steamapps\common\Zero Gear\Assets\CustomItems\Hats\Race Helmet\hat001.mesh...
20:46:20: File header written.
20:46:20: Writing mesh data...
20:46:20: Writing submesh...
20:46:20: Exporting submesh texture aliases...
20:46:20: Submesh texture aliases exported.
20:46:20: Submesh exported.
20:46:20: Exporting bounds information....
20:46:20: Bounds information exported.
20:46:20: Exporting submesh name table...
20:46:20: Submesh name table exported.
20:46:20: Mesh data exported.
20:46:20: MeshSerializer export successful.
20:46:20: Unregistering ResourceManager for type Skeleton
20:46:20: Unregistering ResourceManager for type Material
20:46:20: Unregistering ResourceManager for type Mesh
