23:39:35: Creating resource group General
23:39:35: Creating resource group Internal
23:39:35: Creating resource group Autodetect
23:39:35: Registering ResourceManager for type Mesh
23:39:35: Registering ResourceManager for type Material
23:39:35: Registering ResourceManager for type Skeleton
23:39:35: XMLSkeletonSerializer writing  skeleton data to E:\Games\Steam\steamapps\common\Zero Gear\Assets\CustomItems\Characters\Robot\rider003.skeleton.xml...
23:39:35: Populating DOM...
23:39:35: Exporting bones..
23:39:35: There are 21 bones.
23:39:35:    Exporting Bone number 0
23:39:35:    Exporting Bone number 1
23:39:35:    Exporting Bone number 2
23:39:35:    Exporting Bone number 3
23:39:35:    Exporting Bone number 4
23:39:35:    Exporting Bone number 5
23:39:35:    Exporting Bone number 6
23:39:35:    Exporting Bone number 7
23:39:35:    Exporting Bone number 8
23:39:35:    Exporting Bone number 9
23:39:35:    Exporting Bone number 10
23:39:35:    Exporting Bone number 11
23:39:35:    Exporting Bone number 12
23:39:35:    Exporting Bone number 13
23:39:35:    Exporting Bone number 14
23:39:35:    Exporting Bone number 15
23:39:35:    Exporting Bone number 16
23:39:35:    Exporting Bone number 17
23:39:35:    Exporting Bone number 18
23:39:35:    Exporting Bone number 19
23:39:35:    Exporting Bone number 20
23:39:35: Bones exported.
23:39:35: Exporting animations, count=7
23:39:35: Exporting animation: celebration
23:39:35: Animation exported.
23:39:35: Exporting animation: cry
23:39:35: Animation exported.
23:39:35: Exporting animation: lookback
23:39:35: Animation exported.
23:39:35: Exporting animation: turn_left
23:39:35: Animation exported.
23:39:35: Exporting animation: turn_right
23:39:35: Animation exported.
23:39:35: Exporting animation: wave
23:39:35: Animation exported.
23:39:35: Exporting animation: wipeout
23:39:35: Animation exported.
23:39:35: DOM populated, writing XML file..
23:39:35: XMLSkeletonSerializer export successful.
23:39:35: Unregistering ResourceManager for type Skeleton
23:39:35: Unregistering ResourceManager for type Material
23:39:35: Unregistering ResourceManager for type Mesh
