20:08:43: Creating resource group General
20:08:43: Creating resource group Internal
20:08:43: Creating resource group Autodetect
20:08:43: Registering ResourceManager for type Mesh
20:08:43: Registering ResourceManager for type Material
20:08:43: Registering ResourceManager for type Skeleton
20:08:43: XMLMeshSerializer reading mesh data from E:\Games\Steam\steamapps\common\Zero Gear\Assets\CustomItems\Hats\Chinchilla Visor\chinchillavisor.mesh.xml...
20:08:43: Reading geometry...
20:08:43: Geometry done...
20:08:43: Reading submeshes...
20:08:43: Submeshes done.
20:08:43: Reading mesh names...
20:08:43: Mesh names done.
20:08:43: XMLMeshSerializer import successful.
20:08:43: Reorganising vertex buffers to automatic layout..
20:08:43: MeshSerializer writing mesh data to E:\Games\Steam\steamapps\common\Zero Gear\Assets\CustomItems\Hats\Chinchilla Visor\chinchillavisor.mesh...
20:08:43: File header written.
20:08:43: Writing mesh data...
20:08:43: Writing submesh...
20:08:43: Exporting submesh texture aliases...
20:08:43: Submesh texture aliases exported.
20:08:43: Submesh exported.
20:08:43: Writing submesh...
20:08:43: Exporting submesh texture aliases...
20:08:43: Submesh texture aliases exported.
20:08:43: Submesh exported.
20:08:43: Exporting bounds information....
20:08:43: Bounds information exported.
20:08:43: Exporting submesh name table...
20:08:43: Submesh name table exported.
20:08:43: Mesh data exported.
20:08:43: MeshSerializer export successful.
20:08:43: Unregistering ResourceManager for type Skeleton
20:08:43: Unregistering ResourceManager for type Material
20:08:43: Unregistering ResourceManager for type Mesh
