20:33:55: Creating resource group General
20:33:55: Creating resource group Internal
20:33:55: Creating resource group Autodetect
20:33:55: Registering ResourceManager for type Mesh
20:33:55: Registering ResourceManager for type Material
20:33:55: Registering ResourceManager for type Skeleton
20:33:55: XMLMeshSerializer reading mesh data from E:\Games\Steam\steamapps\common\Zero Gear\Assets\CustomItems\Accessories\Spectacles\acc003.mesh.xml...
20:33:55: Reading geometry...
20:33:55: Geometry done...
20:33:55: Reading submeshes...
20:33:55: Submeshes done.
20:33:55: Reading mesh names...
20:33:55: Mesh names done.
20:33:55: XMLMeshSerializer import successful.
20:33:55: Reorganising vertex buffers to automatic layout..
20:33:55: MeshSerializer writing mesh data to E:\Games\Steam\steamapps\common\Zero Gear\Assets\CustomItems\Accessories\Spectacles\acc003.mesh...
20:33:55: File header written.
20:33:55: Writing mesh data...
20:33:55: Writing submesh...
20:33:55: Exporting submesh texture aliases...
20:33:55: Submesh texture aliases exported.
20:33:55: Submesh exported.
20:33:55: Exporting bounds information....
20:33:55: Bounds information exported.
20:33:55: Exporting submesh name table...
20:33:55: Submesh name table exported.
20:33:55: Mesh data exported.
20:33:55: MeshSerializer export successful.
20:33:55: Unregistering ResourceManager for type Skeleton
20:33:55: Unregistering ResourceManager for type Material
20:33:55: Unregistering ResourceManager for type Mesh
