20:33:43: Creating resource group General
20:33:43: Creating resource group Internal
20:33:43: Creating resource group Autodetect
20:33:43: Registering ResourceManager for type Mesh
20:33:43: Registering ResourceManager for type Material
20:33:43: Registering ResourceManager for type Skeleton
20:33:43: XMLMeshSerializer reading mesh data from E:\Games\Steam\steamapps\common\Zero Gear\Assets\CustomItems\Accessories\Moustache\acc005.mesh.xml...
20:33:43: Reading geometry...
20:33:43: Geometry done...
20:33:43: Reading submeshes...
20:33:43: Submeshes done.
20:33:43: Reading mesh names...
20:33:43: Mesh names done.
20:33:43: XMLMeshSerializer import successful.
20:33:43: Reorganising vertex buffers to automatic layout..
20:33:43: MeshSerializer writing mesh data to E:\Games\Steam\steamapps\common\Zero Gear\Assets\CustomItems\Accessories\Moustache\acc005.mesh...
20:33:43: File header written.
20:33:43: Writing mesh data...
20:33:43: Writing submesh...
20:33:43: Exporting submesh texture aliases...
20:33:43: Submesh texture aliases exported.
20:33:43: Submesh exported.
20:33:43: Exporting bounds information....
20:33:43: Bounds information exported.
20:33:43: Exporting submesh name table...
20:33:43: Submesh name table exported.
20:33:43: Mesh data exported.
20:33:43: MeshSerializer export successful.
20:33:43: Unregistering ResourceManager for type Skeleton
20:33:43: Unregistering ResourceManager for type Material
20:33:43: Unregistering ResourceManager for type Mesh
