20:34:02: Creating resource group General
20:34:02: Creating resource group Internal
20:34:02: Creating resource group Autodetect
20:34:02: Registering ResourceManager for type Mesh
20:34:02: Registering ResourceManager for type Material
20:34:02: Registering ResourceManager for type Skeleton
20:34:02: XMLMeshSerializer reading mesh data from E:\Games\Steam\steamapps\common\Zero Gear\Assets\CustomItems\Accessories\Hypno Glasses\hypnoglasses.mesh.xml...
20:34:02: Reading geometry...
20:34:02: Geometry done...
20:34:02: Reading submeshes...
20:34:02: Submeshes done.
20:34:02: Reading mesh names...
20:34:02: Mesh names done.
20:34:02: XMLMeshSerializer import successful.
20:34:02: Reorganising vertex buffers to automatic layout..
20:34:02: MeshSerializer writing mesh data to E:\Games\Steam\steamapps\common\Zero Gear\Assets\CustomItems\Accessories\Hypno Glasses\hypnoglasses.mesh...
20:34:02: File header written.
20:34:02: Writing mesh data...
20:34:02: Writing submesh...
20:34:02: Exporting submesh texture aliases...
20:34:02: Submesh texture aliases exported.
20:34:02: Submesh exported.
20:34:02: Exporting bounds information....
20:34:02: Bounds information exported.
20:34:02: Exporting submesh name table...
20:34:02: Submesh name table exported.
20:34:02: Mesh data exported.
20:34:02: MeshSerializer export successful.
20:34:02: Unregistering ResourceManager for type Skeleton
20:34:02: Unregistering ResourceManager for type Material
20:34:02: Unregistering ResourceManager for type Mesh
