20:33:35: Creating resource group General
20:33:35: Creating resource group Internal
20:33:35: Creating resource group Autodetect
20:33:35: Registering ResourceManager for type Mesh
20:33:35: Registering ResourceManager for type Material
20:33:35: Registering ResourceManager for type Skeleton
20:33:35: XMLMeshSerializer reading mesh data from E:\Games\Steam\steamapps\common\Zero Gear\Assets\CustomItems\Accessories\Rad Glasses\radglasses.mesh.xml...
20:33:35: Reading geometry...
20:33:35: Geometry done...
20:33:35: Reading submeshes...
20:33:35: Submeshes done.
20:33:35: Reading mesh names...
20:33:35: Mesh names done.
20:33:35: XMLMeshSerializer import successful.
20:33:35: Reorganising vertex buffers to automatic layout..
20:33:35: MeshSerializer writing mesh data to E:\Games\Steam\steamapps\common\Zero Gear\Assets\CustomItems\Accessories\Rad Glasses\radglasses.mesh...
20:33:35: File header written.
20:33:35: Writing mesh data...
20:33:35: Writing submesh...
20:33:35: Exporting submesh texture aliases...
20:33:35: Submesh texture aliases exported.
20:33:35: Submesh exported.
20:33:35: Exporting bounds information....
20:33:35: Bounds information exported.
20:33:35: Exporting submesh name table...
20:33:35: Submesh name table exported.
20:33:35: Mesh data exported.
20:33:35: MeshSerializer export successful.
20:33:35: Unregistering ResourceManager for type Skeleton
20:33:35: Unregistering ResourceManager for type Material
20:33:35: Unregistering ResourceManager for type Mesh
